Using pre-set license
Built from '2020.3/staging' branch; Version is '2020.3.17f1 (a4537701e4ab) revision 10769271'; Using compiler version '192528614'; Build Type 'Release'
OS: 'Windows 10 Home; OS build 22000.160; Version 2009; 64bit' Language: 'en' Physical Memory: 16316 MB
BatchMode: 1, IsHumanControllingUs: 0, StartBugReporterOnCrash: 0, Is64bit: 1, IsPro: 0

COMMAND LINE ARGUMENTS:
C:\Program Files\Unity\Hub\Editor\2020.3.17f1\Editor\Unity.exe
-adb2
-batchMode
-noUpm
-name
AssetImportWorker0
-projectPath
C:/Users/james/QAEngChallenge
-logFile
Logs/AssetImportWorker0.log
-srvPort
49824
Successfully changed project path to: C:/Users/james/QAEngChallenge
C:/Users/james/QAEngChallenge
Using Asset Import Pipeline V2.
Refreshing native plugins compatible for Editor in 62.77 ms, found 2 plugins.
Preloading 0 native plugins for Editor in 0.00 ms.
Initialize engine version: 2020.3.17f1 (a4537701e4ab)
[Subsystems] Discovering subsystems at path C:/Program Files/Unity/Hub/Editor/2020.3.17f1/Editor/Data/Resources/UnitySubsystems
[Subsystems] Discovering subsystems at path C:/Users/james/QAEngChallenge/Assets
GfxDevice: creating device client; threaded=0
Direct3D:
    Version:  Direct3D 11.0 [level 11.1]
    Renderer: NVIDIA GeForce RTX 3070 (ID=0x2484)
    Vendor:   
    VRAM:     8043 MB
    Driver:   30.0.14.7141
Shader 'Universal Render Pipeline/Particles/Lit': fallback shader 'Universal Render Pipeline/Particles/SimpleLit' not found
Initialize mono
Mono path[0] = 'C:/Program Files/Unity/Hub/Editor/2020.3.17f1/Editor/Data/Managed'
Mono path[1] = 'C:/Program Files/Unity/Hub/Editor/2020.3.17f1/Editor/Data/MonoBleedingEdge/lib/mono/unityjit'
Mono config path = 'C:/Program Files/Unity/Hub/Editor/2020.3.17f1/Editor/Data/MonoBleedingEdge/etc'
Using monoOptions --debugger-agent=transport=dt_socket,embedding=1,server=y,suspend=n,address=127.0.0.1:56308
Begin MonoManager ReloadAssembly
Registering precompiled unity dll's ...
Register platform support module: C:/Program Files/Unity/Hub/Editor/2020.3.17f1/Editor/Data/PlaybackEngines/WindowsStandaloneSupport/UnityEditor.WindowsStandalone.Extensions.dll
Registered in 0.001419 seconds.
Native extension for WindowsStandalone target not found
Refreshing native plugins compatible for Editor in 58.28 ms, found 2 plugins.
Preloading 0 native plugins for Editor in 0.00 ms.
Mono: successfully reloaded assembly
- Completed reload, in  0.955 seconds
Domain Reload Profiling:
	ReloadAssembly (956ms)
		BeginReloadAssembly (51ms)
			ExecutionOrderSort (0ms)
			DisableScriptedObjects (0ms)
			BackupInstance (0ms)
			ReleaseScriptingObjects (0ms)
			CreateAndSetChildDomain (1ms)
		EndReloadAssembly (389ms)
			LoadAssemblies (48ms)
			RebuildTransferFunctionScriptingTraits (0ms)
			SetupTypeCache (132ms)
			ReleaseScriptCaches (0ms)
			RebuildScriptCaches (26ms)
			SetupLoadedEditorAssemblies (171ms)
				LogAssemblyErrors (0ms)
				InitializePlatformSupportModulesInManaged (3ms)
				SetLoadedEditorAssemblies (0ms)
				RefreshPlugins (58ms)
				BeforeProcessingInitializeOnLoad (8ms)
				ProcessInitializeOnLoadAttributes (75ms)
				ProcessInitializeOnLoadMethodAttributes (26ms)
				AfterProcessingInitializeOnLoad (0ms)
				EditorAssembliesLoaded (0ms)
			ExecutionOrderSort2 (0ms)
			AwakeInstancesAfterBackupRestoration (0ms)
Platform modules already initialized, skipping
Registering precompiled user dll's ...
Registered in 0.005529 seconds.
Begin MonoManager ReloadAssembly
Native extension for WindowsStandalone target not found
Refreshing native plugins compatible for Editor in 65.39 ms, found 2 plugins.
Preloading 0 native plugins for Editor in 0.00 ms.
Refreshing native plugins compatible for Editor in 0.78 ms, found 2 plugins.
Mono: successfully reloaded assembly
- Completed reload, in  1.207 seconds
Domain Reload Profiling:
	ReloadAssembly (1207ms)
		BeginReloadAssembly (125ms)
			ExecutionOrderSort (0ms)
			DisableScriptedObjects (4ms)
			BackupInstance (0ms)
			ReleaseScriptingObjects (0ms)
			CreateAndSetChildDomain (16ms)
		EndReloadAssembly (1025ms)
			LoadAssemblies (79ms)
			RebuildTransferFunctionScriptingTraits (0ms)
			SetupTypeCache (324ms)
			ReleaseScriptCaches (1ms)
			RebuildScriptCaches (54ms)
			SetupLoadedEditorAssemblies (446ms)
				LogAssemblyErrors (0ms)
				InitializePlatformSupportModulesInManaged (4ms)
				SetLoadedEditorAssemblies (0ms)
				RefreshPlugins (65ms)
				BeforeProcessingInitializeOnLoad (73ms)
				ProcessInitializeOnLoadAttributes (240ms)
				ProcessInitializeOnLoadMethodAttributes (60ms)
				AfterProcessingInitializeOnLoad (5ms)
				EditorAssembliesLoaded (0ms)
			ExecutionOrderSort2 (0ms)
			AwakeInstancesAfterBackupRestoration (6ms)
Platform modules already initialized, skipping
========================================================================
Worker process is ready to serve import requests
Shader 'Universal Render Pipeline/Particles/Lit': fallback shader 'Universal Render Pipeline/Particles/SimpleLit' not found
Launched and connected shader compiler UnityShaderCompiler.exe after 0.06 seconds
Refreshing native plugins compatible for Editor in 0.85 ms, found 2 plugins.
Preloading 0 native plugins for Editor in 0.00 ms.
Unloading 3098 Unused Serialized files (Serialized files now loaded: 0)
System memory in use before: 126.1 MB.
System memory in use after: 126.3 MB.

Unloading 44 unused Assets to reduce memory usage. Loaded Objects now: 3516.
Total: 4.450500 ms (FindLiveObjects: 0.523300 ms CreateObjectMapping: 0.267900 ms MarkObjects: 3.572800 ms  DeleteObjects: 0.084900 ms)

AssetImportParameters requested are different than current active one (requested -> active):
  custom:framework-win-MediaFoundation: 216162199b28c13a410421893ffa2e32 -> 
  custom:video-decoder-ogg-theora: a1e56fd34408186e4bbccfd4996cb3dc -> 
  custom:container-muxer-webm: aa71ff27fc2769a1b78a27578f13a17b -> 
  custom:container-demuxer-webm: 4f35f7cbe854078d1ac9338744f61a02 -> 
  custom:container-demuxer-ogg: 62fdf1f143b41e24485cea50d1cbac27 -> 
  custom:video-encoder-webm-vp8: eb34c28f22e8b96e1ab97ce403110664 -> 
  custom:video-codec-MediaFoundation-h265: e54d7ab0439102e2317fc1e4b246158d -> 
  custom:video-decoder-webm-vp8: 9c59270c3fd7afecdb556c50c9e8de78 -> 
  custom:audio-decoder-ogg-vorbis: bf7c407c2cedff20999df2af8eb42d56 -> 
  custom:audio-encoder-webm-vorbis: bf7c407c2cedff20999df2af8eb42d56 -> 
========================================================================
Received Import Request.
  path: Assets/RenderingPipeline.asset
  artifactKey: Guid(ccdbdba252991284fa9a2e2dc349537d) Importer(815301076,1909f56bfc062723c751e8b465ee728b)
Start importing Assets/RenderingPipeline.asset using Guid(ccdbdba252991284fa9a2e2dc349537d) Importer(815301076,1909f56bfc062723c751e8b465ee728b)  -> (artifact id: '5016e2ebd1fd45fc44e86ed15f380578') in 0.032586 seconds 
  Import took 0.037789 seconds .

========================================================================
Received Import Request.
  Time since last request: 0.000150 seconds.
  path: Assets/UIRenderer.asset
  artifactKey: Guid(45e4c9a2a5aaef0409ca1edd4a368fc6) Importer(815301076,1909f56bfc062723c751e8b465ee728b)
Start importing Assets/UIRenderer.asset using Guid(45e4c9a2a5aaef0409ca1edd4a368fc6) Importer(815301076,1909f56bfc062723c751e8b465ee728b)  -> (artifact id: 'bbec13ac26b416191db2a3e7d50564f5') in 0.009333 seconds 
  Import took 0.013768 seconds .

========================================================================
Received Import Request.
  Time since last request: 79.512318 seconds.
  path: Assets/AddressableAssetsData/AssetGroups/UI.asset
  artifactKey: Guid(6d0ac92b4f2a00540ae4a633719d68b2) Importer(815301076,1909f56bfc062723c751e8b465ee728b)
Start importing Assets/AddressableAssetsData/AssetGroups/UI.asset using Guid(6d0ac92b4f2a00540ae4a633719d68b2) Importer(815301076,1909f56bfc062723c751e8b465ee728b)  -> (artifact id: 'a638a066f1cd2ffff2f801f84a715802') in 0.008026 seconds 
  Import took 0.013187 seconds .

========================================================================
Received Import Request.
  Time since last request: 0.091338 seconds.
  path: Assets/AddressableAssetsData/AssetGroups/UI.asset
  artifactKey: Guid(6d0ac92b4f2a00540ae4a633719d68b2) Importer(815301076,1909f56bfc062723c751e8b465ee728b)
Start importing Assets/AddressableAssetsData/AssetGroups/UI.asset using Guid(6d0ac92b4f2a00540ae4a633719d68b2) Importer(815301076,1909f56bfc062723c751e8b465ee728b)  -> (artifact id: 'a638a066f1cd2ffff2f801f84a715802') in 0.003081 seconds 
  Import took 0.008143 seconds .

========================================================================
Received Import Request.
  Time since last request: 0.005782 seconds.
  path: Assets/AddressableAssetsData/AssetGroups/Duplicate Asset Isolation.asset
  artifactKey: Guid(e2c827a9a9fb83b4193c2f8d1d7779d0) Importer(815301076,1909f56bfc062723c751e8b465ee728b)
Start importing Assets/AddressableAssetsData/AssetGroups/Duplicate Asset Isolation.asset using Guid(e2c827a9a9fb83b4193c2f8d1d7779d0) Importer(815301076,1909f56bfc062723c751e8b465ee728b)  -> (artifact id: 'c03aeac877455bb9d176670ddc6c7a82') in 0.008397 seconds 
  Import took 0.013595 seconds .

========================================================================
Received Import Request.
  Time since last request: 0.000149 seconds.
  path: Assets/AddressableAssetsData/AssetGroups/Night-Zones.asset
  artifactKey: Guid(9eb1f1c41da675e4480e553f40ccac60) Importer(815301076,1909f56bfc062723c751e8b465ee728b)
Start importing Assets/AddressableAssetsData/AssetGroups/Night-Zones.asset using Guid(9eb1f1c41da675e4480e553f40ccac60) Importer(815301076,1909f56bfc062723c751e8b465ee728b)  -> (artifact id: '0afbef3aab3f5d58240164eb7548d9c6') in 0.011807 seconds 
  Import took 0.017203 seconds .

========================================================================
Received Import Request.
  Time since last request: 0.000152 seconds.
  path: Assets/AddressableAssetsData/AssetGroups/Night-Sky.asset
  artifactKey: Guid(fab46ba20057801419f1a975233c2cbd) Importer(815301076,1909f56bfc062723c751e8b465ee728b)
Start importing Assets/AddressableAssetsData/AssetGroups/Night-Sky.asset using Guid(fab46ba20057801419f1a975233c2cbd) Importer(815301076,1909f56bfc062723c751e8b465ee728b)  -> (artifact id: '1031acd99b683872265ac82e8f481be6') in 0.008780 seconds 
  Import took 0.013947 seconds .

========================================================================
Received Import Request.
  Time since last request: 0.000149 seconds.
  path: Assets/AddressableAssetsData/AssetGroups/Particles.asset
  artifactKey: Guid(071019c7a516a7748a2dc1448a67242b) Importer(815301076,1909f56bfc062723c751e8b465ee728b)
Start importing Assets/AddressableAssetsData/AssetGroups/Particles.asset using Guid(071019c7a516a7748a2dc1448a67242b) Importer(815301076,1909f56bfc062723c751e8b465ee728b)  -> (artifact id: '9a7bc6afb821f4ff6efa0e7ea3223ba7') in 0.007717 seconds 
  Import took 0.012043 seconds .

========================================================================
Received Import Request.
  Time since last request: 0.000149 seconds.
  path: Assets/AddressableAssetsData/AssetGroups/Night-Theme-Obstacles.asset
  artifactKey: Guid(10ae8408a953cd14e95d879ea1e28ec9) Importer(815301076,1909f56bfc062723c751e8b465ee728b)
Start importing Assets/AddressableAssetsData/AssetGroups/Night-Theme-Obstacles.asset using Guid(10ae8408a953cd14e95d879ea1e28ec9) Importer(815301076,1909f56bfc062723c751e8b465ee728b)  -> (artifact id: 'a9f7dafe674b7e6a78f4a7c87110d288') in 0.006783 seconds 
  Import took 0.012194 seconds .

========================================================================
Received Import Request.
  Time since last request: 0.000127 seconds.
  path: Assets/AddressableAssetsData/AssetGroups/Particles.asset
  artifactKey: Guid(071019c7a516a7748a2dc1448a67242b) Importer(815301076,1909f56bfc062723c751e8b465ee728b)
Start importing Assets/AddressableAssetsData/AssetGroups/Particles.asset using Guid(071019c7a516a7748a2dc1448a67242b) Importer(815301076,1909f56bfc062723c751e8b465ee728b)  -> (artifact id: '9a7bc6afb821f4ff6efa0e7ea3223ba7') in 0.002839 seconds 
  Import took 0.007496 seconds .

========================================================================
Received Import Request.
  Time since last request: 0.000160 seconds.
  path: Assets/AddressableAssetsData/AssetGroups/Tutorial.asset
  artifactKey: Guid(960939437f96bf942a92ab47685c085e) Importer(815301076,1909f56bfc062723c751e8b465ee728b)
Start importing Assets/AddressableAssetsData/AssetGroups/Tutorial.asset using Guid(960939437f96bf942a92ab47685c085e) Importer(815301076,1909f56bfc062723c751e8b465ee728b)  -> (artifact id: '661aa5004bc96e3b0c5d4cc813faa282') in 0.008005 seconds 
  Import took 0.012741 seconds .

========================================================================
Received Import Request.
  Time since last request: 0.000123 seconds.
  path: Assets/AddressableAssetsData/AssetGroups/Powerups.asset
  artifactKey: Guid(c4bc7133680d0814388173d245e6e7c2) Importer(815301076,1909f56bfc062723c751e8b465ee728b)
Start importing Assets/AddressableAssetsData/AssetGroups/Powerups.asset using Guid(c4bc7133680d0814388173d245e6e7c2) Importer(815301076,1909f56bfc062723c751e8b465ee728b)  -> (artifact id: '4b18b8d0612c44035a3ce36e26015b94') in 0.008209 seconds 
  Import took 0.012889 seconds .

========================================================================
Received Import Request.
  Time since last request: 0.000125 seconds.
  path: Assets/AddressableAssetsData/AssetGroups/Themes.asset
  artifactKey: Guid(e6d74b33b2bb73b498a49b9344482f4b) Importer(815301076,1909f56bfc062723c751e8b465ee728b)
Start importing Assets/AddressableAssetsData/AssetGroups/Themes.asset using Guid(e6d74b33b2bb73b498a49b9344482f4b) Importer(815301076,1909f56bfc062723c751e8b465ee728b)  -> (artifact id: '71280148b9060a3cb3553298772cb7e1') in 0.007073 seconds 
  Import took 0.011827 seconds .

========================================================================
Received Import Request.
  Time since last request: 1.433862 seconds.
  path: Assets/AddressableAssetsData/AssetGroups/Default Local Group.asset
  artifactKey: Guid(6fc4762233972aa40bcd09bf0410eb96) Importer(815301076,1909f56bfc062723c751e8b465ee728b)
Start importing Assets/AddressableAssetsData/AssetGroups/Default Local Group.asset using Guid(6fc4762233972aa40bcd09bf0410eb96) Importer(815301076,1909f56bfc062723c751e8b465ee728b)  -> (artifact id: 'cc396d8392024021f457b94462b4414d') in 0.007125 seconds 
  Import took 0.011671 seconds .

========================================================================
Received Import Request.
  Time since last request: 0.124340 seconds.
  path: Assets/AddressableAssetsData/AssetGroups/Default-Zones.asset
  artifactKey: Guid(2981e407081d08d4887a5ef39df59609) Importer(815301076,1909f56bfc062723c751e8b465ee728b)
Start importing Assets/AddressableAssetsData/AssetGroups/Default-Zones.asset using Guid(2981e407081d08d4887a5ef39df59609) Importer(815301076,1909f56bfc062723c751e8b465ee728b)  -> (artifact id: 'b4cc7e8cbb74656592417ae99984a277') in 0.006703 seconds 
  Import took 0.011203 seconds .

========================================================================
Received Import Request.
  Time since last request: 0.071309 seconds.
  path: Assets/AddressableAssetsData/AssetGroups/Default-Sky.asset
  artifactKey: Guid(29cf561e1871fa543adc83369c628ce2) Importer(815301076,1909f56bfc062723c751e8b465ee728b)
Start importing Assets/AddressableAssetsData/AssetGroups/Default-Sky.asset using Guid(29cf561e1871fa543adc83369c628ce2) Importer(815301076,1909f56bfc062723c751e8b465ee728b)  -> (artifact id: '6f7dd8d483ec5781c212acf05df0d56c') in 0.006615 seconds 
  Import took 0.011121 seconds .

========================================================================
Received Prepare
Registering precompiled user dll's ...
Registered in 0.005977 seconds.
Begin MonoManager ReloadAssembly
Native extension for WindowsStandalone target not found
Refreshing native plugins compatible for Editor in 0.74 ms, found 2 plugins.
Preloading 0 native plugins for Editor in 0.00 ms.
Mono: successfully reloaded assembly
- Completed reload, in  1.136 seconds
Domain Reload Profiling:
	ReloadAssembly (1137ms)
		BeginReloadAssembly (120ms)
			ExecutionOrderSort (0ms)
			DisableScriptedObjects (7ms)
			BackupInstance (0ms)
			ReleaseScriptingObjects (0ms)
			CreateAndSetChildDomain (44ms)
		EndReloadAssembly (956ms)
			LoadAssemblies (85ms)
			RebuildTransferFunctionScriptingTraits (0ms)
			SetupTypeCache (296ms)
			ReleaseScriptCaches (1ms)
			RebuildScriptCaches (41ms)
			SetupLoadedEditorAssemblies (381ms)
				LogAssemblyErrors (0ms)
				InitializePlatformSupportModulesInManaged (5ms)
				SetLoadedEditorAssemblies (0ms)
				RefreshPlugins (1ms)
				BeforeProcessingInitializeOnLoad (72ms)
				ProcessInitializeOnLoadAttributes (286ms)
				ProcessInitializeOnLoadMethodAttributes (12ms)
				AfterProcessingInitializeOnLoad (5ms)
				EditorAssembliesLoaded (0ms)
			ExecutionOrderSort2 (0ms)
			AwakeInstancesAfterBackupRestoration (27ms)
Platform modules already initialized, skipping
Shader 'Universal Render Pipeline/Particles/Lit': fallback shader 'Universal Render Pipeline/Particles/SimpleLit' not found
Refreshing native plugins compatible for Editor in 0.74 ms, found 2 plugins.
Preloading 0 native plugins for Editor in 0.00 ms.
Unloading 2940 Unused Serialized files (Serialized files now loaded: 0)
System memory in use before: 118.0 MB.
System memory in use after: 118.3 MB.

Unloading 35 unused Assets to reduce memory usage. Loaded Objects now: 3521.
Total: 3.211200 ms (FindLiveObjects: 0.254500 ms CreateObjectMapping: 0.127400 ms MarkObjects: 2.790900 ms  DeleteObjects: 0.037500 ms)

AssetImportParameters requested are different than current active one (requested -> active):
  custom:framework-win-MediaFoundation: 216162199b28c13a410421893ffa2e32 -> 
  custom:video-decoder-ogg-theora: a1e56fd34408186e4bbccfd4996cb3dc -> 
  custom:container-muxer-webm: aa71ff27fc2769a1b78a27578f13a17b -> 
  custom:container-demuxer-webm: 4f35f7cbe854078d1ac9338744f61a02 -> 
  custom:container-demuxer-ogg: 62fdf1f143b41e24485cea50d1cbac27 -> 
  custom:video-encoder-webm-vp8: eb34c28f22e8b96e1ab97ce403110664 -> 
  custom:video-codec-MediaFoundation-h265: e54d7ab0439102e2317fc1e4b246158d -> 
  custom:video-decoder-webm-vp8: 9c59270c3fd7afecdb556c50c9e8de78 -> 
  custom:audio-decoder-ogg-vorbis: bf7c407c2cedff20999df2af8eb42d56 -> 
  custom:audio-encoder-webm-vorbis: bf7c407c2cedff20999df2af8eb42d56 -> 
========================================================================
Received Import Request.
  Time since last request: 522.803188 seconds.
  path: Assets/AddressableAssetsData/AssetGroups/Built In Data.asset
  artifactKey: Guid(46a549cf223b965419395d1eb67697d5) Importer(815301076,1909f56bfc062723c751e8b465ee728b)
Start importing Assets/AddressableAssetsData/AssetGroups/Built In Data.asset using Guid(46a549cf223b965419395d1eb67697d5) Importer(815301076,1909f56bfc062723c751e8b465ee728b)  -> (artifact id: 'b2507d2c5213053517c3570d090e9e5b') in 0.018066 seconds 
  Import took 0.022905 seconds .

========================================================================
Received Import Request.
  Time since last request: 0.000198 seconds.
  path: Assets/AddressableAssetsData/AssetGroups/Day-Theme-Obstacles.asset
  artifactKey: Guid(d99611ab52ff789479179f6e24dde79d) Importer(815301076,1909f56bfc062723c751e8b465ee728b)
Start importing Assets/AddressableAssetsData/AssetGroups/Day-Theme-Obstacles.asset using Guid(d99611ab52ff789479179f6e24dde79d) Importer(815301076,1909f56bfc062723c751e8b465ee728b)  -> (artifact id: '5c73a840dffb8a795d8cf650b632a054') in 0.006881 seconds 
  Import took 0.010839 seconds .

========================================================================
Received Import Request.
  Time since last request: 0.000226 seconds.
  path: Assets/AddressableAssetsData/AssetGroups/Coin.asset
  artifactKey: Guid(509be79408e794b4eb1614a087f12f42) Importer(815301076,1909f56bfc062723c751e8b465ee728b)
Start importing Assets/AddressableAssetsData/AssetGroups/Coin.asset using Guid(509be79408e794b4eb1614a087f12f42) Importer(815301076,1909f56bfc062723c751e8b465ee728b)  -> (artifact id: '5c6f8c15f2790e3f92ac127d264b7b57') in 0.006658 seconds 
  Import took 0.011640 seconds .

========================================================================
Received Import Request.
  Time since last request: 0.000223 seconds.
  path: Assets/AddressableAssetsData/AssetGroups/Characters.asset
  artifactKey: Guid(76221483d69bd3b4aac4488c3097199d) Importer(815301076,1909f56bfc062723c751e8b465ee728b)
Start importing Assets/AddressableAssetsData/AssetGroups/Characters.asset using Guid(76221483d69bd3b4aac4488c3097199d) Importer(815301076,1909f56bfc062723c751e8b465ee728b)  -> (artifact id: 'ab7fa1c62032732dc18b4733e3bb8acd') in 0.006821 seconds 
  Import took 0.011249 seconds .

========================================================================
Received Import Request.
  Time since last request: 53.054695 seconds.
  path: Assets/Scripts/UI
  artifactKey: Guid(d04910e08f16b284286beb5af740424f) Importer(815301076,1909f56bfc062723c751e8b465ee728b)
Start importing Assets/Scripts/UI using Guid(d04910e08f16b284286beb5af740424f) Importer(815301076,1909f56bfc062723c751e8b465ee728b)  -> (artifact id: '8e290d5377dc5433dc62468f0d0a53a5') in 0.006234 seconds 
  Import took 0.010765 seconds .

========================================================================
Received Import Request.
  Time since last request: 0.086985 seconds.
  path: Assets/Scripts/UI
  artifactKey: Guid(d04910e08f16b284286beb5af740424f) Importer(815301076,1909f56bfc062723c751e8b465ee728b)
Start importing Assets/Scripts/UI using Guid(d04910e08f16b284286beb5af740424f) Importer(815301076,1909f56bfc062723c751e8b465ee728b)  -> (artifact id: '8e290d5377dc5433dc62468f0d0a53a5') in 0.002615 seconds 
  Import took 0.007136 seconds .

========================================================================
Received Import Request.
  Time since last request: 60.306230 seconds.
  path: Assets/Scripts/UI/MissionUI.cs
  artifactKey: Guid(fff2f071f7335eb43a712a702b990041) Importer(815301076,1909f56bfc062723c751e8b465ee728b)
Start importing Assets/Scripts/UI/MissionUI.cs using Guid(fff2f071f7335eb43a712a702b990041) Importer(815301076,1909f56bfc062723c751e8b465ee728b)  -> (artifact id: '6ceef33b0b2875b4c890dcfd630a84d9') in 0.009406 seconds 
  Import took 0.013628 seconds .

========================================================================
Received Prepare
Registering precompiled user dll's ...
Registered in 0.005746 seconds.
Begin MonoManager ReloadAssembly
Native extension for WindowsStandalone target not found
Refreshing native plugins compatible for Editor in 0.67 ms, found 2 plugins.
Preloading 0 native plugins for Editor in 0.00 ms.
Mono: successfully reloaded assembly
- Completed reload, in  1.026 seconds
Domain Reload Profiling:
	ReloadAssembly (1027ms)
		BeginReloadAssembly (109ms)
			ExecutionOrderSort (0ms)
			DisableScriptedObjects (6ms)
			BackupInstance (0ms)
			ReleaseScriptingObjects (0ms)
			CreateAndSetChildDomain (31ms)
		EndReloadAssembly (858ms)
			LoadAssemblies (79ms)
			RebuildTransferFunctionScriptingTraits (0ms)
			SetupTypeCache (273ms)
			ReleaseScriptCaches (1ms)
			RebuildScriptCaches (38ms)
			SetupLoadedEditorAssemblies (323ms)
				LogAssemblyErrors (0ms)
				InitializePlatformSupportModulesInManaged (4ms)
				SetLoadedEditorAssemblies (0ms)
				RefreshPlugins (1ms)
				BeforeProcessingInitializeOnLoad (63ms)
				ProcessInitializeOnLoadAttributes (241ms)
				ProcessInitializeOnLoadMethodAttributes (10ms)
				AfterProcessingInitializeOnLoad (5ms)
				EditorAssembliesLoaded (0ms)
			ExecutionOrderSort2 (0ms)
			AwakeInstancesAfterBackupRestoration (23ms)
Platform modules already initialized, skipping
Shader 'Universal Render Pipeline/Particles/Lit': fallback shader 'Universal Render Pipeline/Particles/SimpleLit' not found
Refreshing native plugins compatible for Editor in 0.69 ms, found 2 plugins.
Preloading 0 native plugins for Editor in 0.00 ms.
Unloading 2938 Unused Serialized files (Serialized files now loaded: 0)
System memory in use before: 118.1 MB.
System memory in use after: 118.3 MB.

Unloading 35 unused Assets to reduce memory usage. Loaded Objects now: 3523.
Total: 3.023000 ms (FindLiveObjects: 0.226700 ms CreateObjectMapping: 0.123700 ms MarkObjects: 2.653600 ms  DeleteObjects: 0.018300 ms)

AssetImportParameters requested are different than current active one (requested -> active):
  custom:framework-win-MediaFoundation: 216162199b28c13a410421893ffa2e32 -> 
  custom:video-decoder-ogg-theora: a1e56fd34408186e4bbccfd4996cb3dc -> 
  custom:container-muxer-webm: aa71ff27fc2769a1b78a27578f13a17b -> 
  custom:container-demuxer-webm: 4f35f7cbe854078d1ac9338744f61a02 -> 
  custom:container-demuxer-ogg: 62fdf1f143b41e24485cea50d1cbac27 -> 
  custom:video-encoder-webm-vp8: eb34c28f22e8b96e1ab97ce403110664 -> 
  custom:video-codec-MediaFoundation-h265: e54d7ab0439102e2317fc1e4b246158d -> 
  custom:video-decoder-webm-vp8: 9c59270c3fd7afecdb556c50c9e8de78 -> 
  custom:audio-decoder-ogg-vorbis: bf7c407c2cedff20999df2af8eb42d56 -> 
  custom:audio-encoder-webm-vorbis: bf7c407c2cedff20999df2af8eb42d56 -> 
========================================================================
Received Import Request.
  Time since last request: 61.433392 seconds.
  path: Assets/Scripts/UI/MissionUI.cs
  artifactKey: Guid(fff2f071f7335eb43a712a702b990041) Importer(815301076,1909f56bfc062723c751e8b465ee728b)
Start importing Assets/Scripts/UI/MissionUI.cs using Guid(fff2f071f7335eb43a712a702b990041) Importer(815301076,1909f56bfc062723c751e8b465ee728b)  -> (artifact id: '7795c1c22a54e8ed955dc2ede30b190c') in 0.005017 seconds 
  Import took 0.008910 seconds .

========================================================================
Received Import Request.
  Time since last request: 0.186468 seconds.
  path: Assets/Scripts/UI/MissionEntry.cs
  artifactKey: Guid(3c8340d208287eb49a7fbdf4e7d3bfab) Importer(815301076,1909f56bfc062723c751e8b465ee728b)
Start importing Assets/Scripts/UI/MissionEntry.cs using Guid(3c8340d208287eb49a7fbdf4e7d3bfab) Importer(815301076,1909f56bfc062723c751e8b465ee728b)  -> (artifact id: 'ef36791d319228e55e71ee939fbceb62') in 0.006722 seconds 
  Import took 0.010837 seconds .

========================================================================
Received Import Request.
  Time since last request: 11.679481 seconds.
  path: Assets/Scripts/UI/MainMenu.cs
  artifactKey: Guid(c265ccee2af53344b8afad110e7d3b21) Importer(815301076,1909f56bfc062723c751e8b465ee728b)
Start importing Assets/Scripts/UI/MainMenu.cs using Guid(c265ccee2af53344b8afad110e7d3b21) Importer(815301076,1909f56bfc062723c751e8b465ee728b)  -> (artifact id: '27ee68a80a646bf6828ff36a0b75ac3a') in 0.007710 seconds 
  Import took 0.011943 seconds .

========================================================================
Received Import Request.
  Time since last request: 11.220771 seconds.
  path: Assets/Scripts/UI/StartButton.cs
  artifactKey: Guid(082578361b9f9b740aecdad9d973bbaa) Importer(815301076,1909f56bfc062723c751e8b465ee728b)
Start importing Assets/Scripts/UI/StartButton.cs using Guid(082578361b9f9b740aecdad9d973bbaa) Importer(815301076,1909f56bfc062723c751e8b465ee728b)  -> (artifact id: '4a9b7c1c9f10cd57b9efdccb33434e13') in 0.011946 seconds 
  Import took 0.016730 seconds .

========================================================================
Received Import Request.
  Time since last request: 0.000905 seconds.
  path: Assets/Scripts/UI/StartButton.cs
  artifactKey: Guid(082578361b9f9b740aecdad9d973bbaa) Importer(815301076,1909f56bfc062723c751e8b465ee728b)
Start importing Assets/Scripts/UI/StartButton.cs using Guid(082578361b9f9b740aecdad9d973bbaa) Importer(815301076,1909f56bfc062723c751e8b465ee728b)  -> (artifact id: '4a9b7c1c9f10cd57b9efdccb33434e13') in 0.002578 seconds 
  Import took 0.007431 seconds .

========================================================================
Received Import Request.
  Time since last request: 66.474936 seconds.
  path: Assets/Scripts/PlayerData.cs
  artifactKey: Guid(d7e606f5827b7e344b8c317f6ced3910) Importer(815301076,1909f56bfc062723c751e8b465ee728b)
Start importing Assets/Scripts/PlayerData.cs using Guid(d7e606f5827b7e344b8c317f6ced3910) Importer(815301076,1909f56bfc062723c751e8b465ee728b)  -> (artifact id: 'd081442f78c776a884d535e397ac88e6') in 0.020045 seconds 
  Import took 0.025744 seconds .

========================================================================
Received Import Request.
  Time since last request: 0.003172 seconds.
  path: Assets/Scripts/PlayerData.cs
  artifactKey: Guid(d7e606f5827b7e344b8c317f6ced3910) Importer(815301076,1909f56bfc062723c751e8b465ee728b)
Start importing Assets/Scripts/PlayerData.cs using Guid(d7e606f5827b7e344b8c317f6ced3910) Importer(815301076,1909f56bfc062723c751e8b465ee728b)  -> (artifact id: 'd081442f78c776a884d535e397ac88e6') in 0.014496 seconds 
  Import took 0.023664 seconds .

========================================================================
Received Import Request.
  Time since last request: 7.441154 seconds.
  path: Assets/Scripts/GameManager
  artifactKey: Guid(146600338d55eec4e9a748c69cec2a99) Importer(815301076,1909f56bfc062723c751e8b465ee728b)
Start importing Assets/Scripts/GameManager using Guid(146600338d55eec4e9a748c69cec2a99) Importer(815301076,1909f56bfc062723c751e8b465ee728b)  -> (artifact id: 'dd7aec0c6b96b3304ba04dd4da2e2322') in 0.006704 seconds 
  Import took 0.010764 seconds .

========================================================================
Received Import Request.
  Time since last request: 0.094036 seconds.
  path: Assets/Scripts/GameManager
  artifactKey: Guid(146600338d55eec4e9a748c69cec2a99) Importer(815301076,1909f56bfc062723c751e8b465ee728b)
Start importing Assets/Scripts/GameManager using Guid(146600338d55eec4e9a748c69cec2a99) Importer(815301076,1909f56bfc062723c751e8b465ee728b)  -> (artifact id: 'dd7aec0c6b96b3304ba04dd4da2e2322') in 0.002396 seconds 
  Import took 0.006516 seconds .

========================================================================
Received Import Request.
  Time since last request: 1.014363 seconds.
  path: Assets/Scripts/GameManager/GameManager.cs
  artifactKey: Guid(f5c64ccf50119624ba1a5e67a781777d) Importer(815301076,1909f56bfc062723c751e8b465ee728b)
Start importing Assets/Scripts/GameManager/GameManager.cs using Guid(f5c64ccf50119624ba1a5e67a781777d) Importer(815301076,1909f56bfc062723c751e8b465ee728b)  -> (artifact id: '8f3362f3aeaf30daba1e58cd82246471') in 0.002368 seconds 
  Import took 0.006624 seconds .

========================================================================
Received Import Request.
  Time since last request: 3.906000 seconds.
  path: Assets/Scripts/GameManager/GameOverState.cs
  artifactKey: Guid(fd7e6921bbf50684692b8270dc318896) Importer(815301076,1909f56bfc062723c751e8b465ee728b)
Start importing Assets/Scripts/GameManager/GameOverState.cs using Guid(fd7e6921bbf50684692b8270dc318896) Importer(815301076,1909f56bfc062723c751e8b465ee728b)  -> (artifact id: '9652ed32f691d5955bd1c4557e4bc194') in 0.007191 seconds 
  Import took 0.011711 seconds .

========================================================================
Received Import Request.
  Time since last request: 0.664476 seconds.
  path: Assets/Scripts/GameManager/GameState.cs
  artifactKey: Guid(a98b047c94c1bd244aa98ab8962433fc) Importer(815301076,1909f56bfc062723c751e8b465ee728b)
Start importing Assets/Scripts/GameManager/GameState.cs using Guid(a98b047c94c1bd244aa98ab8962433fc) Importer(815301076,1909f56bfc062723c751e8b465ee728b)  -> (artifact id: 'a09ad5a2aae5d0988822ca87df83eb36') in 0.007043 seconds 
  Import took 0.011246 seconds .

========================================================================
Received Prepare
Registering precompiled user dll's ...
Registered in 0.005786 seconds.
Begin MonoManager ReloadAssembly
Native extension for WindowsStandalone target not found
Refreshing native plugins compatible for Editor in 0.68 ms, found 2 plugins.
Preloading 0 native plugins for Editor in 0.00 ms.
Mono: successfully reloaded assembly
- Completed reload, in  1.028 seconds
Domain Reload Profiling:
	ReloadAssembly (1029ms)
		BeginReloadAssembly (104ms)
			ExecutionOrderSort (0ms)
			DisableScriptedObjects (6ms)
			BackupInstance (0ms)
			ReleaseScriptingObjects (0ms)
			CreateAndSetChildDomain (31ms)
		EndReloadAssembly (866ms)
			LoadAssemblies (83ms)
			RebuildTransferFunctionScriptingTraits (0ms)
			SetupTypeCache (277ms)
			ReleaseScriptCaches (1ms)
			RebuildScriptCaches (40ms)
			SetupLoadedEditorAssemblies (329ms)
				LogAssemblyErrors (0ms)
				InitializePlatformSupportModulesInManaged (4ms)
				SetLoadedEditorAssemblies (0ms)
				RefreshPlugins (1ms)
				BeforeProcessingInitializeOnLoad (60ms)
				ProcessInitializeOnLoadAttributes (248ms)
				ProcessInitializeOnLoadMethodAttributes (10ms)
				AfterProcessingInitializeOnLoad (5ms)
				EditorAssembliesLoaded (0ms)
			ExecutionOrderSort2 (0ms)
			AwakeInstancesAfterBackupRestoration (25ms)
Platform modules already initialized, skipping
Shader 'Universal Render Pipeline/Particles/Lit': fallback shader 'Universal Render Pipeline/Particles/SimpleLit' not found
Refreshing native plugins compatible for Editor in 0.70 ms, found 2 plugins.
Preloading 0 native plugins for Editor in 0.00 ms.
Unloading 2938 Unused Serialized files (Serialized files now loaded: 0)
System memory in use before: 118.1 MB.
System memory in use after: 118.3 MB.

Unloading 35 unused Assets to reduce memory usage. Loaded Objects now: 3525.
Total: 2.979600 ms (FindLiveObjects: 0.218800 ms CreateObjectMapping: 0.112100 ms MarkObjects: 2.630900 ms  DeleteObjects: 0.017000 ms)

AssetImportParameters requested are different than current active one (requested -> active):
  custom:framework-win-MediaFoundation: 216162199b28c13a410421893ffa2e32 -> 
  custom:video-decoder-ogg-theora: a1e56fd34408186e4bbccfd4996cb3dc -> 
  custom:container-muxer-webm: aa71ff27fc2769a1b78a27578f13a17b -> 
  custom:container-demuxer-webm: 4f35f7cbe854078d1ac9338744f61a02 -> 
  custom:container-demuxer-ogg: 62fdf1f143b41e24485cea50d1cbac27 -> 
  custom:video-encoder-webm-vp8: eb34c28f22e8b96e1ab97ce403110664 -> 
  custom:video-codec-MediaFoundation-h265: e54d7ab0439102e2317fc1e4b246158d -> 
  custom:video-decoder-webm-vp8: 9c59270c3fd7afecdb556c50c9e8de78 -> 
  custom:audio-decoder-ogg-vorbis: bf7c407c2cedff20999df2af8eb42d56 -> 
  custom:audio-encoder-webm-vorbis: bf7c407c2cedff20999df2af8eb42d56 -> 
========================================================================
Received Import Request.
  Time since last request: 90.200082 seconds.
  path: Assets/Scripts/GameManager/GameState.cs
  artifactKey: Guid(a98b047c94c1bd244aa98ab8962433fc) Importer(815301076,1909f56bfc062723c751e8b465ee728b)
Start importing Assets/Scripts/GameManager/GameState.cs using Guid(a98b047c94c1bd244aa98ab8962433fc) Importer(815301076,1909f56bfc062723c751e8b465ee728b)  -> (artifact id: '7da4c11da24ed5dc95f5c73b948a7630') in 0.004980 seconds 
  Import took 0.009029 seconds .

========================================================================
Received Import Request.
  Time since last request: 38.749378 seconds.
  path: Assets/Scripts/Tracks/TrackManager.cs
  artifactKey: Guid(357943a8c88ecc848b7f5de152a00562) Importer(815301076,1909f56bfc062723c751e8b465ee728b)
Start importing Assets/Scripts/Tracks/TrackManager.cs using Guid(357943a8c88ecc848b7f5de152a00562) Importer(815301076,1909f56bfc062723c751e8b465ee728b)  -> (artifact id: 'abff4f02ac3f7ef995b0b601eb9795fb') in 0.007497 seconds 
  Import took 0.013380 seconds .

========================================================================
Received Import Request.
  Time since last request: 47.345519 seconds.
  path: Assets/Scripts/Tracks/TrackSegment.cs
  artifactKey: Guid(a1f119face70eef45923442a053ff451) Importer(815301076,1909f56bfc062723c751e8b465ee728b)
Start importing Assets/Scripts/Tracks/TrackSegment.cs using Guid(a1f119face70eef45923442a053ff451) Importer(815301076,1909f56bfc062723c751e8b465ee728b)  -> (artifact id: 'd9d5bef09b5daef09f6e50c63a09832e') in 0.007318 seconds 
  Import took 0.011743 seconds .

========================================================================
Received Prepare
Registering precompiled user dll's ...
Registered in 0.005059 seconds.
Begin MonoManager ReloadAssembly
Native extension for WindowsStandalone target not found
Refreshing native plugins compatible for Editor in 0.66 ms, found 2 plugins.
Preloading 0 native plugins for Editor in 0.00 ms.
Mono: successfully reloaded assembly
- Completed reload, in  1.035 seconds
Domain Reload Profiling:
	ReloadAssembly (1035ms)
		BeginReloadAssembly (103ms)
			ExecutionOrderSort (0ms)
			DisableScriptedObjects (5ms)
			BackupInstance (0ms)
			ReleaseScriptingObjects (0ms)
			CreateAndSetChildDomain (28ms)
		EndReloadAssembly (872ms)
			LoadAssemblies (82ms)
			RebuildTransferFunctionScriptingTraits (0ms)
			SetupTypeCache (272ms)
			ReleaseScriptCaches (1ms)
			RebuildScriptCaches (45ms)
			SetupLoadedEditorAssemblies (328ms)
				LogAssemblyErrors (0ms)
				InitializePlatformSupportModulesInManaged (4ms)
				SetLoadedEditorAssemblies (0ms)
				RefreshPlugins (1ms)
				BeforeProcessingInitializeOnLoad (63ms)
				ProcessInitializeOnLoadAttributes (244ms)
				ProcessInitializeOnLoadMethodAttributes (10ms)
				AfterProcessingInitializeOnLoad (5ms)
				EditorAssembliesLoaded (0ms)
			ExecutionOrderSort2 (0ms)
			AwakeInstancesAfterBackupRestoration (24ms)
Platform modules already initialized, skipping
Shader 'Universal Render Pipeline/Particles/Lit': fallback shader 'Universal Render Pipeline/Particles/SimpleLit' not found
Refreshing native plugins compatible for Editor in 0.71 ms, found 2 plugins.
Preloading 0 native plugins for Editor in 0.00 ms.
Unloading 2938 Unused Serialized files (Serialized files now loaded: 0)
System memory in use before: 118.1 MB.
System memory in use after: 118.4 MB.

Unloading 35 unused Assets to reduce memory usage. Loaded Objects now: 3527.
Total: 3.031500 ms (FindLiveObjects: 0.244400 ms CreateObjectMapping: 0.153300 ms MarkObjects: 2.606600 ms  DeleteObjects: 0.026200 ms)

AssetImportParameters requested are different than current active one (requested -> active):
  custom:framework-win-MediaFoundation: 216162199b28c13a410421893ffa2e32 -> 
  custom:video-decoder-ogg-theora: a1e56fd34408186e4bbccfd4996cb3dc -> 
  custom:container-muxer-webm: aa71ff27fc2769a1b78a27578f13a17b -> 
  custom:container-demuxer-webm: 4f35f7cbe854078d1ac9338744f61a02 -> 
  custom:container-demuxer-ogg: 62fdf1f143b41e24485cea50d1cbac27 -> 
  custom:video-encoder-webm-vp8: eb34c28f22e8b96e1ab97ce403110664 -> 
  custom:video-codec-MediaFoundation-h265: e54d7ab0439102e2317fc1e4b246158d -> 
  custom:video-decoder-webm-vp8: 9c59270c3fd7afecdb556c50c9e8de78 -> 
  custom:audio-decoder-ogg-vorbis: bf7c407c2cedff20999df2af8eb42d56 -> 
  custom:audio-encoder-webm-vorbis: bf7c407c2cedff20999df2af8eb42d56 -> 
========================================================================
Received Import Request.
  Time since last request: 91.874488 seconds.
  path: Assets/Scripts/PlayerData.cs
  artifactKey: Guid(d7e606f5827b7e344b8c317f6ced3910) Importer(815301076,1909f56bfc062723c751e8b465ee728b)
Start importing Assets/Scripts/PlayerData.cs using Guid(d7e606f5827b7e344b8c317f6ced3910) Importer(815301076,1909f56bfc062723c751e8b465ee728b)  -> (artifact id: 'b4dceab5356249221ea0d0bdb26e1755') in 0.004875 seconds 
  Import took 0.009313 seconds .

========================================================================
Received Import Request.
  Time since last request: 7.368264 seconds.
  path: Assets/Scripts/Characters
  artifactKey: Guid(2888a5d2c0d19ac4cafc489d100f1860) Importer(815301076,1909f56bfc062723c751e8b465ee728b)
Start importing Assets/Scripts/Characters using Guid(2888a5d2c0d19ac4cafc489d100f1860) Importer(815301076,1909f56bfc062723c751e8b465ee728b)  -> (artifact id: 'a0bb1c7c841cfae5bbdfbfa364de0e72') in 0.002392 seconds 
  Import took 0.006438 seconds .

========================================================================
Received Import Request.
  Time since last request: 0.085847 seconds.
  path: Assets/Scripts/Characters
  artifactKey: Guid(2888a5d2c0d19ac4cafc489d100f1860) Importer(815301076,1909f56bfc062723c751e8b465ee728b)
Start importing Assets/Scripts/Characters using Guid(2888a5d2c0d19ac4cafc489d100f1860) Importer(815301076,1909f56bfc062723c751e8b465ee728b)  -> (artifact id: 'a0bb1c7c841cfae5bbdfbfa364de0e72') in 0.002845 seconds 
  Import took 0.007716 seconds .

========================================================================
Received Import Request.
  Time since last request: 1.197834 seconds.
  path: Assets/Scripts/Characters/CharacterAccessories.cs
  artifactKey: Guid(2d3602e240a7c92419a5f52841329955) Importer(815301076,1909f56bfc062723c751e8b465ee728b)
Start importing Assets/Scripts/Characters/CharacterAccessories.cs using Guid(2d3602e240a7c92419a5f52841329955) Importer(815301076,1909f56bfc062723c751e8b465ee728b)  -> (artifact id: 'd851ca450de1fcf80716e4b96d3223a5') in 0.006568 seconds 
  Import took 0.011108 seconds .

========================================================================
Received Import Request.
  Time since last request: 1.622758 seconds.
  path: Assets/Scripts/Characters/Character.cs
  artifactKey: Guid(397d959cc2da2684c8109d35be73c4a5) Importer(815301076,1909f56bfc062723c751e8b465ee728b)
Start importing Assets/Scripts/Characters/Character.cs using Guid(397d959cc2da2684c8109d35be73c4a5) Importer(815301076,1909f56bfc062723c751e8b465ee728b)  -> (artifact id: 'd00f66cb0f30ab60d186f8943f063f4e') in 0.007522 seconds 
  Import took 0.011812 seconds .

========================================================================
Received Import Request.
  Time since last request: 3.171560 seconds.
  path: Assets/Scripts/Characters/CharacterInputController.cs
  artifactKey: Guid(ce47d421cd0db864a9139849f62dedeb) Importer(815301076,1909f56bfc062723c751e8b465ee728b)
Start importing Assets/Scripts/Characters/CharacterInputController.cs using Guid(ce47d421cd0db864a9139849f62dedeb) Importer(815301076,1909f56bfc062723c751e8b465ee728b)  -> (artifact id: 'ff15638819a6a37f0dc65bd369c64543') in 0.006314 seconds 
  Import took 0.011061 seconds .

========================================================================
Received Import Request.
  Time since last request: 0.993515 seconds.
  path: Assets/Scripts/Characters/CharacterDatabase.cs
  artifactKey: Guid(4b8f80571ddc3544191bf4295c26178f) Importer(815301076,1909f56bfc062723c751e8b465ee728b)
Start importing Assets/Scripts/Characters/CharacterDatabase.cs using Guid(4b8f80571ddc3544191bf4295c26178f) Importer(815301076,1909f56bfc062723c751e8b465ee728b)  -> (artifact id: '2400a367637b00456262347457742ecf') in 0.007057 seconds 
  Import took 0.012485 seconds .

========================================================================
Received Import Request.
  Time since last request: 1.970278 seconds.
  path: Assets/Scripts/Characters/CharacterCollider.cs
  artifactKey: Guid(5173e35522b43b644b3cb876a71640c4) Importer(815301076,1909f56bfc062723c751e8b465ee728b)
Start importing Assets/Scripts/Characters/CharacterCollider.cs using Guid(5173e35522b43b644b3cb876a71640c4) Importer(815301076,1909f56bfc062723c751e8b465ee728b)  -> (artifact id: '026520f44c363a0d5478da315a27289c') in 0.006512 seconds 
  Import took 0.010849 seconds .

========================================================================
Received Prepare
Registering precompiled user dll's ...
Registered in 0.004983 seconds.
Begin MonoManager ReloadAssembly
Native extension for WindowsStandalone target not found
Refreshing native plugins compatible for Editor in 0.64 ms, found 2 plugins.
Preloading 0 native plugins for Editor in 0.00 ms.
Mono: successfully reloaded assembly
- Completed reload, in  1.028 seconds
Domain Reload Profiling:
	ReloadAssembly (1028ms)
		BeginReloadAssembly (107ms)
			ExecutionOrderSort (0ms)
			DisableScriptedObjects (5ms)
			BackupInstance (0ms)
			ReleaseScriptingObjects (0ms)
			CreateAndSetChildDomain (29ms)
		EndReloadAssembly (864ms)
			LoadAssemblies (78ms)
			RebuildTransferFunctionScriptingTraits (0ms)
			SetupTypeCache (273ms)
			ReleaseScriptCaches (1ms)
			RebuildScriptCaches (37ms)
			SetupLoadedEditorAssemblies (338ms)
				LogAssemblyErrors (0ms)
				InitializePlatformSupportModulesInManaged (4ms)
				SetLoadedEditorAssemblies (0ms)
				RefreshPlugins (1ms)
				BeforeProcessingInitializeOnLoad (66ms)
				ProcessInitializeOnLoadAttributes (253ms)
				ProcessInitializeOnLoadMethodAttributes (10ms)
				AfterProcessingInitializeOnLoad (5ms)
				EditorAssembliesLoaded (0ms)
			ExecutionOrderSort2 (0ms)
			AwakeInstancesAfterBackupRestoration (25ms)
Platform modules already initialized, skipping
Shader 'Universal Render Pipeline/Particles/Lit': fallback shader 'Universal Render Pipeline/Particles/SimpleLit' not found
Refreshing native plugins compatible for Editor in 0.69 ms, found 2 plugins.
Preloading 0 native plugins for Editor in 0.00 ms.
Unloading 2938 Unused Serialized files (Serialized files now loaded: 0)
System memory in use before: 118.1 MB.
System memory in use after: 118.4 MB.

Unloading 35 unused Assets to reduce memory usage. Loaded Objects now: 3529.
Total: 3.309600 ms (FindLiveObjects: 0.277500 ms CreateObjectMapping: 0.153500 ms MarkObjects: 2.858200 ms  DeleteObjects: 0.019600 ms)

AssetImportParameters requested are different than current active one (requested -> active):
  custom:framework-win-MediaFoundation: 216162199b28c13a410421893ffa2e32 -> 
  custom:video-decoder-ogg-theora: a1e56fd34408186e4bbccfd4996cb3dc -> 
  custom:container-muxer-webm: aa71ff27fc2769a1b78a27578f13a17b -> 
  custom:container-demuxer-webm: 4f35f7cbe854078d1ac9338744f61a02 -> 
  custom:container-demuxer-ogg: 62fdf1f143b41e24485cea50d1cbac27 -> 
  custom:video-encoder-webm-vp8: eb34c28f22e8b96e1ab97ce403110664 -> 
  custom:video-codec-MediaFoundation-h265: e54d7ab0439102e2317fc1e4b246158d -> 
  custom:video-decoder-webm-vp8: 9c59270c3fd7afecdb556c50c9e8de78 -> 
  custom:audio-decoder-ogg-vorbis: bf7c407c2cedff20999df2af8eb42d56 -> 
  custom:audio-encoder-webm-vorbis: bf7c407c2cedff20999df2af8eb42d56 -> 
========================================================================
Received Import Request.
  Time since last request: 68.798217 seconds.
  path: Assets/Scripts/Characters/CharacterInputController.cs
  artifactKey: Guid(ce47d421cd0db864a9139849f62dedeb) Importer(815301076,1909f56bfc062723c751e8b465ee728b)
Start importing Assets/Scripts/Characters/CharacterInputController.cs using Guid(ce47d421cd0db864a9139849f62dedeb) Importer(815301076,1909f56bfc062723c751e8b465ee728b)  -> (artifact id: '7f1410ce08ea55fa5c78ef3a64a7addc') in 0.005109 seconds 
  Import took 0.009129 seconds .

========================================================================
Received Prepare
Registering precompiled user dll's ...
Registered in 0.006045 seconds.
Begin MonoManager ReloadAssembly
Native extension for WindowsStandalone target not found
Refreshing native plugins compatible for Editor in 0.67 ms, found 2 plugins.
Preloading 0 native plugins for Editor in 0.00 ms.
Mono: successfully reloaded assembly
- Completed reload, in  1.155 seconds
Domain Reload Profiling:
	ReloadAssembly (1155ms)
		BeginReloadAssembly (111ms)
			ExecutionOrderSort (0ms)
			DisableScriptedObjects (10ms)
			BackupInstance (0ms)
			ReleaseScriptingObjects (0ms)
			CreateAndSetChildDomain (32ms)
		EndReloadAssembly (985ms)
			LoadAssemblies (80ms)
			RebuildTransferFunctionScriptingTraits (0ms)
			SetupTypeCache (367ms)
			ReleaseScriptCaches (1ms)
			RebuildScriptCaches (39ms)
			SetupLoadedEditorAssemblies (333ms)
				LogAssemblyErrors (0ms)
				InitializePlatformSupportModulesInManaged (4ms)
				SetLoadedEditorAssemblies (0ms)
				RefreshPlugins (1ms)
				BeforeProcessingInitializeOnLoad (65ms)
				ProcessInitializeOnLoadAttributes (247ms)
				ProcessInitializeOnLoadMethodAttributes (11ms)
				AfterProcessingInitializeOnLoad (5ms)
				EditorAssembliesLoaded (0ms)
			ExecutionOrderSort2 (0ms)
			AwakeInstancesAfterBackupRestoration (25ms)
Platform modules already initialized, skipping
Shader 'Universal Render Pipeline/Particles/Lit': fallback shader 'Universal Render Pipeline/Particles/SimpleLit' not found
Refreshing native plugins compatible for Editor in 0.75 ms, found 2 plugins.
Preloading 0 native plugins for Editor in 0.00 ms.
Unloading 2938 Unused Serialized files (Serialized files now loaded: 0)
System memory in use before: 118.2 MB.
System memory in use after: 118.4 MB.

Unloading 35 unused Assets to reduce memory usage. Loaded Objects now: 3531.
Total: 3.637500 ms (FindLiveObjects: 0.434600 ms CreateObjectMapping: 0.215200 ms MarkObjects: 2.957100 ms  DeleteObjects: 0.029600 ms)

AssetImportParameters requested are different than current active one (requested -> active):
  custom:framework-win-MediaFoundation: 216162199b28c13a410421893ffa2e32 -> 
  custom:video-decoder-ogg-theora: a1e56fd34408186e4bbccfd4996cb3dc -> 
  custom:container-muxer-webm: aa71ff27fc2769a1b78a27578f13a17b -> 
  custom:container-demuxer-webm: 4f35f7cbe854078d1ac9338744f61a02 -> 
  custom:container-demuxer-ogg: 62fdf1f143b41e24485cea50d1cbac27 -> 
  custom:video-encoder-webm-vp8: eb34c28f22e8b96e1ab97ce403110664 -> 
  custom:video-codec-MediaFoundation-h265: e54d7ab0439102e2317fc1e4b246158d -> 
  custom:video-decoder-webm-vp8: 9c59270c3fd7afecdb556c50c9e8de78 -> 
  custom:audio-decoder-ogg-vorbis: bf7c407c2cedff20999df2af8eb42d56 -> 
  custom:audio-encoder-webm-vorbis: bf7c407c2cedff20999df2af8eb42d56 -> 
========================================================================
Received Import Request.
  Time since last request: 199.347211 seconds.
  path: Assets/Scripts/Characters/RandomAnimation.cs
  artifactKey: Guid(92346bfd13418574799dcdae1ea13a4e) Importer(815301076,1909f56bfc062723c751e8b465ee728b)
Start importing Assets/Scripts/Characters/RandomAnimation.cs using Guid(92346bfd13418574799dcdae1ea13a4e) Importer(815301076,1909f56bfc062723c751e8b465ee728b)  -> (artifact id: 'a64a9012a2cf1f34d79fbd38970a17e7') in 0.013311 seconds 
  Import took 0.019691 seconds .

========================================================================
Received Import Request.
  Time since last request: 0.000882 seconds.
  path: Assets/Scripts/Characters/RandomAnimation.cs
  artifactKey: Guid(92346bfd13418574799dcdae1ea13a4e) Importer(815301076,1909f56bfc062723c751e8b465ee728b)
Start importing Assets/Scripts/Characters/RandomAnimation.cs using Guid(92346bfd13418574799dcdae1ea13a4e) Importer(815301076,1909f56bfc062723c751e8b465ee728b)  -> (artifact id: 'a64a9012a2cf1f34d79fbd38970a17e7') in 0.002377 seconds 
  Import took 0.008186 seconds .

========================================================================
Received Prepare
Registering precompiled user dll's ...
Registered in 0.005189 seconds.
Begin MonoManager ReloadAssembly
Native extension for WindowsStandalone target not found
Refreshing native plugins compatible for Editor in 0.66 ms, found 2 plugins.
Preloading 0 native plugins for Editor in 0.00 ms.
Mono: successfully reloaded assembly
- Completed reload, in  1.020 seconds
Domain Reload Profiling:
	ReloadAssembly (1020ms)
		BeginReloadAssembly (103ms)
			ExecutionOrderSort (0ms)
			DisableScriptedObjects (5ms)
			BackupInstance (0ms)
			ReleaseScriptingObjects (0ms)
			CreateAndSetChildDomain (28ms)
		EndReloadAssembly (859ms)
			LoadAssemblies (78ms)
			RebuildTransferFunctionScriptingTraits (0ms)
			SetupTypeCache (281ms)
			ReleaseScriptCaches (1ms)
			RebuildScriptCaches (37ms)
			SetupLoadedEditorAssemblies (324ms)
				LogAssemblyErrors (0ms)
				InitializePlatformSupportModulesInManaged (4ms)
				SetLoadedEditorAssemblies (0ms)
				RefreshPlugins (1ms)
				BeforeProcessingInitializeOnLoad (62ms)
				ProcessInitializeOnLoadAttributes (242ms)
				ProcessInitializeOnLoadMethodAttributes (10ms)
				AfterProcessingInitializeOnLoad (5ms)
				EditorAssembliesLoaded (0ms)
			ExecutionOrderSort2 (0ms)
			AwakeInstancesAfterBackupRestoration (25ms)
Platform modules already initialized, skipping
Shader 'Universal Render Pipeline/Particles/Lit': fallback shader 'Universal Render Pipeline/Particles/SimpleLit' not found
Refreshing native plugins compatible for Editor in 0.78 ms, found 2 plugins.
Preloading 0 native plugins for Editor in 0.00 ms.
Unloading 2938 Unused Serialized files (Serialized files now loaded: 0)
System memory in use before: 118.2 MB.
System memory in use after: 118.4 MB.

Unloading 35 unused Assets to reduce memory usage. Loaded Objects now: 3533.
Total: 3.020600 ms (FindLiveObjects: 0.226700 ms CreateObjectMapping: 0.121000 ms MarkObjects: 2.654900 ms  DeleteObjects: 0.017200 ms)

AssetImportParameters requested are different than current active one (requested -> active):
  custom:framework-win-MediaFoundation: 216162199b28c13a410421893ffa2e32 -> 
  custom:video-decoder-ogg-theora: a1e56fd34408186e4bbccfd4996cb3dc -> 
  custom:container-muxer-webm: aa71ff27fc2769a1b78a27578f13a17b -> 
  custom:container-demuxer-webm: 4f35f7cbe854078d1ac9338744f61a02 -> 
  custom:container-demuxer-ogg: 62fdf1f143b41e24485cea50d1cbac27 -> 
  custom:video-encoder-webm-vp8: eb34c28f22e8b96e1ab97ce403110664 -> 
  custom:video-codec-MediaFoundation-h265: e54d7ab0439102e2317fc1e4b246158d -> 
  custom:video-decoder-webm-vp8: 9c59270c3fd7afecdb556c50c9e8de78 -> 
  custom:audio-decoder-ogg-vorbis: bf7c407c2cedff20999df2af8eb42d56 -> 
  custom:audio-encoder-webm-vorbis: bf7c407c2cedff20999df2af8eb42d56 -> 
========================================================================
Received Import Request.
  Time since last request: 29.519253 seconds.
  path: Assets/Scripts/Characters/CharacterInputController.cs
  artifactKey: Guid(ce47d421cd0db864a9139849f62dedeb) Importer(815301076,1909f56bfc062723c751e8b465ee728b)
Start importing Assets/Scripts/Characters/CharacterInputController.cs using Guid(ce47d421cd0db864a9139849f62dedeb) Importer(815301076,1909f56bfc062723c751e8b465ee728b)  -> (artifact id: '2ca863f7ea0da9532a9564584331ac7e') in 0.005075 seconds 
  Import took 0.008990 seconds .

========================================================================
Received Prepare
Registering precompiled user dll's ...
Registered in 0.006030 seconds.
Begin MonoManager ReloadAssembly
Native extension for WindowsStandalone target not found
Refreshing native plugins compatible for Editor in 0.75 ms, found 2 plugins.
Preloading 0 native plugins for Editor in 0.00 ms.
Deleting Addressables data from C:/Users/james/QAEngChallenge/Assets/StreamingAssets\aa.
UnityEngine.StackTraceUtility:ExtractStackTrace ()
UnityEngine.DebugLogHandler:LogFormat (UnityEngine.LogType,UnityEngine.Object,string,object[])
UnityEngine.Logger:Log (UnityEngine.LogType,object)
UnityEngine.Debug:Log (object)
AddressablesPlayerBuildProcessor:CleanTemporaryPlayerBuildData () (at Library/PackageCache/com.unity.addressables@1.8.4/Editor/Build/AddressablesPlayerBuildProcessor.cs:26)
System.Reflection.MonoMethod:Invoke (object,System.Reflection.BindingFlags,System.Reflection.Binder,object[],System.Globalization.CultureInfo)
System.Reflection.MethodBase:Invoke (object,object[])
UnityEditor.EditorAssemblies:ProcessInitializeOnLoadMethodAttributes ()

(Filename: Library/PackageCache/com.unity.addressables@1.8.4/Editor/Build/AddressablesPlayerBuildProcessor.cs Line: 26)

Mono: successfully reloaded assembly
- Completed reload, in  2.282 seconds
Domain Reload Profiling:
	ReloadAssembly (2283ms)
		BeginReloadAssembly (122ms)
			ExecutionOrderSort (0ms)
			DisableScriptedObjects (6ms)
			BackupInstance (0ms)
			ReleaseScriptingObjects (0ms)
			CreateAndSetChildDomain (30ms)
		EndReloadAssembly (2088ms)
			LoadAssemblies (91ms)
			RebuildTransferFunctionScriptingTraits (0ms)
			SetupTypeCache (1279ms)
			ReleaseScriptCaches (4ms)
			RebuildScriptCaches (53ms)
			SetupLoadedEditorAssemblies (437ms)
				LogAssemblyErrors (0ms)
				InitializePlatformSupportModulesInManaged (5ms)
				SetLoadedEditorAssemblies (0ms)
				RefreshPlugins (1ms)
				BeforeProcessingInitializeOnLoad (65ms)
				ProcessInitializeOnLoadAttributes (340ms)
				ProcessInitializeOnLoadMethodAttributes (21ms)
				AfterProcessingInitializeOnLoad (5ms)
				EditorAssembliesLoaded (0ms)
			ExecutionOrderSort2 (0ms)
			AwakeInstancesAfterBackupRestoration (26ms)
Platform modules already initialized, skipping
Shader 'Universal Render Pipeline/Particles/Lit': fallback shader 'Universal Render Pipeline/Particles/SimpleLit' not found
Refreshing native plugins compatible for Editor in 0.84 ms, found 2 plugins.
Preloading 0 native plugins for Editor in 0.00 ms.
Unloading 2938 Unused Serialized files (Serialized files now loaded: 0)
System memory in use before: 118.3 MB.
System memory in use after: 118.5 MB.

Unloading 35 unused Assets to reduce memory usage. Loaded Objects now: 3535.
Total: 3.203900 ms (FindLiveObjects: 0.239600 ms CreateObjectMapping: 0.148700 ms MarkObjects: 2.780900 ms  DeleteObjects: 0.019600 ms)

AssetImportParameters requested are different than current active one (requested -> active):
  custom:framework-win-MediaFoundation: 216162199b28c13a410421893ffa2e32 -> 
  custom:video-decoder-ogg-theora: a1e56fd34408186e4bbccfd4996cb3dc -> 
  custom:container-muxer-webm: aa71ff27fc2769a1b78a27578f13a17b -> 
  custom:container-demuxer-webm: 4f35f7cbe854078d1ac9338744f61a02 -> 
  custom:container-demuxer-ogg: 62fdf1f143b41e24485cea50d1cbac27 -> 
  custom:video-encoder-webm-vp8: eb34c28f22e8b96e1ab97ce403110664 -> 
  custom:video-codec-MediaFoundation-h265: e54d7ab0439102e2317fc1e4b246158d -> 
  custom:video-decoder-webm-vp8: 9c59270c3fd7afecdb556c50c9e8de78 -> 
  custom:audio-decoder-ogg-vorbis: bf7c407c2cedff20999df2af8eb42d56 -> 
  custom:audio-encoder-webm-vorbis: bf7c407c2cedff20999df2af8eb42d56 -> 
========================================================================
Received Prepare
Shader 'Universal Render Pipeline/Particles/Lit': fallback shader 'Universal Render Pipeline/Particles/SimpleLit' not found
Refreshing native plugins compatible for Editor in 7.88 ms, found 2 plugins.
Preloading 0 native plugins for Editor in 0.00 ms.
Unloading 33 Unused Serialized files (Serialized files now loaded: 0)
System memory in use before: 61.0 MB.
System memory in use after: 61.3 MB.

Unloading 33 unused Assets to reduce memory usage. Loaded Objects now: 3535.
Total: 3.118800 ms (FindLiveObjects: 0.234800 ms CreateObjectMapping: 0.123700 ms MarkObjects: 2.740700 ms  DeleteObjects: 0.018800 ms)

AssetImportParameters requested are different than current active one (requested -> active):
  custom:framework-win-MediaFoundation: 216162199b28c13a410421893ffa2e32 -> 
  custom:video-decoder-ogg-theora: a1e56fd34408186e4bbccfd4996cb3dc -> 
  custom:container-muxer-webm: aa71ff27fc2769a1b78a27578f13a17b -> 
  custom:container-demuxer-webm: 4f35f7cbe854078d1ac9338744f61a02 -> 
  custom:container-demuxer-ogg: 62fdf1f143b41e24485cea50d1cbac27 -> 
  custom:video-encoder-webm-vp8: eb34c28f22e8b96e1ab97ce403110664 -> 
  custom:video-codec-MediaFoundation-h265: e54d7ab0439102e2317fc1e4b246158d -> 
  custom:video-decoder-webm-vp8: 9c59270c3fd7afecdb556c50c9e8de78 -> 
  custom:audio-decoder-ogg-vorbis: bf7c407c2cedff20999df2af8eb42d56 -> 
  custom:audio-encoder-webm-vorbis: bf7c407c2cedff20999df2af8eb42d56 -> 
========================================================================
Received Prepare
Registering precompiled user dll's ...
Registered in 0.005513 seconds.
Begin MonoManager ReloadAssembly
Native extension for WindowsStandalone target not found
Refreshing native plugins compatible for Editor in 0.63 ms, found 2 plugins.
Preloading 0 native plugins for Editor in 0.00 ms.
Mono: successfully reloaded assembly
- Completed reload, in  1.049 seconds
Domain Reload Profiling:
	ReloadAssembly (1049ms)
		BeginReloadAssembly (111ms)
			ExecutionOrderSort (0ms)
			DisableScriptedObjects (7ms)
			BackupInstance (0ms)
			ReleaseScriptingObjects (0ms)
			CreateAndSetChildDomain (30ms)
		EndReloadAssembly (881ms)
			LoadAssemblies (79ms)
			RebuildTransferFunctionScriptingTraits (0ms)
			SetupTypeCache (285ms)
			ReleaseScriptCaches (1ms)
			RebuildScriptCaches (38ms)
			SetupLoadedEditorAssemblies (332ms)
				LogAssemblyErrors (0ms)
				InitializePlatformSupportModulesInManaged (4ms)
				SetLoadedEditorAssemblies (0ms)
				RefreshPlugins (1ms)
				BeforeProcessingInitializeOnLoad (57ms)
				ProcessInitializeOnLoadAttributes (254ms)
				ProcessInitializeOnLoadMethodAttributes (10ms)
				AfterProcessingInitializeOnLoad (5ms)
				EditorAssembliesLoaded (0ms)
			ExecutionOrderSort2 (0ms)
			AwakeInstancesAfterBackupRestoration (29ms)
Platform modules already initialized, skipping
Shader 'Universal Render Pipeline/Particles/Lit': fallback shader 'Universal Render Pipeline/Particles/SimpleLit' not found
Refreshing native plugins compatible for Editor in 0.83 ms, found 2 plugins.
Preloading 0 native plugins for Editor in 0.00 ms.
Unloading 2938 Unused Serialized files (Serialized files now loaded: 0)
System memory in use before: 118.6 MB.
System memory in use after: 118.8 MB.

Unloading 35 unused Assets to reduce memory usage. Loaded Objects now: 3537.
Total: 3.236300 ms (FindLiveObjects: 0.255900 ms CreateObjectMapping: 0.128400 ms MarkObjects: 2.829500 ms  DeleteObjects: 0.021700 ms)

AssetImportParameters requested are different than current active one (requested -> active):
  custom:framework-win-MediaFoundation: 216162199b28c13a410421893ffa2e32 -> 
  custom:video-decoder-ogg-theora: a1e56fd34408186e4bbccfd4996cb3dc -> 
  custom:container-muxer-webm: aa71ff27fc2769a1b78a27578f13a17b -> 
  custom:container-demuxer-webm: 4f35f7cbe854078d1ac9338744f61a02 -> 
  custom:container-demuxer-ogg: 62fdf1f143b41e24485cea50d1cbac27 -> 
  custom:video-encoder-webm-vp8: eb34c28f22e8b96e1ab97ce403110664 -> 
  custom:video-codec-MediaFoundation-h265: e54d7ab0439102e2317fc1e4b246158d -> 
  custom:video-decoder-webm-vp8: 9c59270c3fd7afecdb556c50c9e8de78 -> 
  custom:audio-decoder-ogg-vorbis: bf7c407c2cedff20999df2af8eb42d56 -> 
  custom:audio-encoder-webm-vorbis: bf7c407c2cedff20999df2af8eb42d56 -> 
========================================================================
Received Import Request.
  Time since last request: 186.470243 seconds.
  path: Assets/Scripts/Characters/CharacterInputController.cs
  artifactKey: Guid(ce47d421cd0db864a9139849f62dedeb) Importer(815301076,1909f56bfc062723c751e8b465ee728b)
Start importing Assets/Scripts/Characters/CharacterInputController.cs using Guid(ce47d421cd0db864a9139849f62dedeb) Importer(815301076,1909f56bfc062723c751e8b465ee728b)  -> (artifact id: '48b7679e008ec03750db3ea1237073ea') in 0.008427 seconds 
  Import took 0.012507 seconds .

========================================================================
Received Prepare
Registering precompiled user dll's ...
Registered in 0.005889 seconds.
Begin MonoManager ReloadAssembly
Native extension for WindowsStandalone target not found
Refreshing native plugins compatible for Editor in 0.68 ms, found 2 plugins.
Preloading 0 native plugins for Editor in 0.00 ms.
Mono: successfully reloaded assembly
- Completed reload, in  1.078 seconds
Domain Reload Profiling:
	ReloadAssembly (1078ms)
		BeginReloadAssembly (103ms)
			ExecutionOrderSort (0ms)
			DisableScriptedObjects (6ms)
			BackupInstance (0ms)
			ReleaseScriptingObjects (0ms)
			CreateAndSetChildDomain (29ms)
		EndReloadAssembly (911ms)
			LoadAssemblies (81ms)
			RebuildTransferFunctionScriptingTraits (0ms)
			SetupTypeCache (288ms)
			ReleaseScriptCaches (1ms)
			RebuildScriptCaches (39ms)
			SetupLoadedEditorAssemblies (354ms)
				LogAssemblyErrors (0ms)
				InitializePlatformSupportModulesInManaged (4ms)
				SetLoadedEditorAssemblies (0ms)
				RefreshPlugins (1ms)
				BeforeProcessingInitializeOnLoad (62ms)
				ProcessInitializeOnLoadAttributes (269ms)
				ProcessInitializeOnLoadMethodAttributes (12ms)
				AfterProcessingInitializeOnLoad (6ms)
				EditorAssembliesLoaded (0ms)
			ExecutionOrderSort2 (0ms)
			AwakeInstancesAfterBackupRestoration (29ms)
Platform modules already initialized, skipping
Shader 'Universal Render Pipeline/Particles/Lit': fallback shader 'Universal Render Pipeline/Particles/SimpleLit' not found
Refreshing native plugins compatible for Editor in 0.71 ms, found 2 plugins.
Preloading 0 native plugins for Editor in 0.00 ms.
Unloading 2938 Unused Serialized files (Serialized files now loaded: 0)
System memory in use before: 118.6 MB.
System memory in use after: 118.8 MB.

Unloading 35 unused Assets to reduce memory usage. Loaded Objects now: 3539.
Total: 3.715900 ms (FindLiveObjects: 0.400200 ms CreateObjectMapping: 0.217400 ms MarkObjects: 3.070100 ms  DeleteObjects: 0.025900 ms)

AssetImportParameters requested are different than current active one (requested -> active):
  custom:framework-win-MediaFoundation: 216162199b28c13a410421893ffa2e32 -> 
  custom:video-decoder-ogg-theora: a1e56fd34408186e4bbccfd4996cb3dc -> 
  custom:container-muxer-webm: aa71ff27fc2769a1b78a27578f13a17b -> 
  custom:container-demuxer-webm: 4f35f7cbe854078d1ac9338744f61a02 -> 
  custom:container-demuxer-ogg: 62fdf1f143b41e24485cea50d1cbac27 -> 
  custom:video-encoder-webm-vp8: eb34c28f22e8b96e1ab97ce403110664 -> 
  custom:video-codec-MediaFoundation-h265: e54d7ab0439102e2317fc1e4b246158d -> 
  custom:video-decoder-webm-vp8: 9c59270c3fd7afecdb556c50c9e8de78 -> 
  custom:audio-decoder-ogg-vorbis: bf7c407c2cedff20999df2af8eb42d56 -> 
  custom:audio-encoder-webm-vorbis: bf7c407c2cedff20999df2af8eb42d56 -> 
========================================================================
Received Prepare
Shader 'Universal Render Pipeline/Particles/Lit': fallback shader 'Universal Render Pipeline/Particles/SimpleLit' not found
Refreshing native plugins compatible for Editor in 7.19 ms, found 2 plugins.
Preloading 0 native plugins for Editor in 0.00 ms.
Unloading 33 Unused Serialized files (Serialized files now loaded: 0)
System memory in use before: 61.3 MB.
System memory in use after: 61.5 MB.

Unloading 33 unused Assets to reduce memory usage. Loaded Objects now: 3539.
Total: 3.354400 ms (FindLiveObjects: 0.245200 ms CreateObjectMapping: 0.129000 ms MarkObjects: 2.957300 ms  DeleteObjects: 0.021700 ms)

AssetImportParameters requested are different than current active one (requested -> active):
  custom:framework-win-MediaFoundation: 216162199b28c13a410421893ffa2e32 -> 
  custom:video-decoder-ogg-theora: a1e56fd34408186e4bbccfd4996cb3dc -> 
  custom:container-muxer-webm: aa71ff27fc2769a1b78a27578f13a17b -> 
  custom:container-demuxer-webm: 4f35f7cbe854078d1ac9338744f61a02 -> 
  custom:container-demuxer-ogg: 62fdf1f143b41e24485cea50d1cbac27 -> 
  custom:video-encoder-webm-vp8: eb34c28f22e8b96e1ab97ce403110664 -> 
  custom:video-codec-MediaFoundation-h265: e54d7ab0439102e2317fc1e4b246158d -> 
  custom:video-decoder-webm-vp8: 9c59270c3fd7afecdb556c50c9e8de78 -> 
  custom:audio-decoder-ogg-vorbis: bf7c407c2cedff20999df2af8eb42d56 -> 
  custom:audio-encoder-webm-vorbis: bf7c407c2cedff20999df2af8eb42d56 -> 
========================================================================
Received Import Request.
  Time since last request: 346.934975 seconds.
  path: Assets/Scripts
  artifactKey: Guid(73f0a14f47cc56140a81a93b48cb56bb) Importer(815301076,1909f56bfc062723c751e8b465ee728b)
Start importing Assets/Scripts using Guid(73f0a14f47cc56140a81a93b48cb56bb) Importer(815301076,1909f56bfc062723c751e8b465ee728b)  -> (artifact id: '9b4e478a98ee877120703ce2ca6954bc') in 0.008108 seconds 
  Import took 0.012566 seconds .

========================================================================
Received Import Request.
  Time since last request: 0.053103 seconds.
  path: Assets/Scripts
  artifactKey: Guid(73f0a14f47cc56140a81a93b48cb56bb) Importer(815301076,1909f56bfc062723c751e8b465ee728b)
Start importing Assets/Scripts using Guid(73f0a14f47cc56140a81a93b48cb56bb) Importer(815301076,1909f56bfc062723c751e8b465ee728b)  -> (artifact id: '9b4e478a98ee877120703ce2ca6954bc') in 0.002423 seconds 
  Import took 0.007805 seconds .

========================================================================
Received Prepare
Registering precompiled user dll's ...
Registered in 0.004803 seconds.
Begin MonoManager ReloadAssembly
Native extension for WindowsStandalone target not found
Refreshing native plugins compatible for Editor in 0.65 ms, found 2 plugins.
Preloading 0 native plugins for Editor in 0.00 ms.
Deleting Addressables data from C:/Users/james/QAEngChallenge/Assets/StreamingAssets\aa.
UnityEngine.StackTraceUtility:ExtractStackTrace ()
UnityEngine.DebugLogHandler:LogFormat (UnityEngine.LogType,UnityEngine.Object,string,object[])
UnityEngine.Logger:Log (UnityEngine.LogType,object)
UnityEngine.Debug:Log (object)
AddressablesPlayerBuildProcessor:CleanTemporaryPlayerBuildData () (at Library/PackageCache/com.unity.addressables@1.8.4/Editor/Build/AddressablesPlayerBuildProcessor.cs:26)
System.Reflection.MonoMethod:Invoke (object,System.Reflection.BindingFlags,System.Reflection.Binder,object[],System.Globalization.CultureInfo)
System.Reflection.MethodBase:Invoke (object,object[])
UnityEditor.EditorAssemblies:ProcessInitializeOnLoadMethodAttributes ()

(Filename: Library/PackageCache/com.unity.addressables@1.8.4/Editor/Build/AddressablesPlayerBuildProcessor.cs Line: 26)

Mono: successfully reloaded assembly
- Completed reload, in  1.015 seconds
Domain Reload Profiling:
	ReloadAssembly (1016ms)
		BeginReloadAssembly (109ms)
			ExecutionOrderSort (0ms)
			DisableScriptedObjects (5ms)
			BackupInstance (0ms)
			ReleaseScriptingObjects (0ms)
			CreateAndSetChildDomain (28ms)
		EndReloadAssembly (847ms)
			LoadAssemblies (77ms)
			RebuildTransferFunctionScriptingTraits (0ms)
			SetupTypeCache (273ms)
			ReleaseScriptCaches (1ms)
			RebuildScriptCaches (37ms)
			SetupLoadedEditorAssemblies (322ms)
				LogAssemblyErrors (0ms)
				InitializePlatformSupportModulesInManaged (4ms)
				SetLoadedEditorAssemblies (0ms)
				RefreshPlugins (1ms)
				BeforeProcessingInitializeOnLoad (61ms)
				ProcessInitializeOnLoadAttributes (238ms)
				ProcessInitializeOnLoadMethodAttributes (12ms)
				AfterProcessingInitializeOnLoad (5ms)
				EditorAssembliesLoaded (0ms)
			ExecutionOrderSort2 (0ms)
			AwakeInstancesAfterBackupRestoration (25ms)
Platform modules already initialized, skipping
Shader 'Universal Render Pipeline/Particles/Lit': fallback shader 'Universal Render Pipeline/Particles/SimpleLit' not found
Refreshing native plugins compatible for Editor in 0.68 ms, found 2 plugins.
Preloading 0 native plugins for Editor in 0.00 ms.
Unloading 2938 Unused Serialized files (Serialized files now loaded: 0)
System memory in use before: 118.6 MB.
System memory in use after: 118.8 MB.

Unloading 35 unused Assets to reduce memory usage. Loaded Objects now: 3541.
Total: 3.057500 ms (FindLiveObjects: 0.221600 ms CreateObjectMapping: 0.125300 ms MarkObjects: 2.692100 ms  DeleteObjects: 0.017700 ms)

AssetImportParameters requested are different than current active one (requested -> active):
  custom:framework-win-MediaFoundation: 216162199b28c13a410421893ffa2e32 -> 
  custom:video-decoder-ogg-theora: a1e56fd34408186e4bbccfd4996cb3dc -> 
  custom:container-muxer-webm: aa71ff27fc2769a1b78a27578f13a17b -> 
  custom:container-demuxer-webm: 4f35f7cbe854078d1ac9338744f61a02 -> 
  custom:container-demuxer-ogg: 62fdf1f143b41e24485cea50d1cbac27 -> 
  custom:video-encoder-webm-vp8: eb34c28f22e8b96e1ab97ce403110664 -> 
  custom:video-codec-MediaFoundation-h265: e54d7ab0439102e2317fc1e4b246158d -> 
  custom:video-decoder-webm-vp8: 9c59270c3fd7afecdb556c50c9e8de78 -> 
  custom:audio-decoder-ogg-vorbis: bf7c407c2cedff20999df2af8eb42d56 -> 
  custom:audio-encoder-webm-vorbis: bf7c407c2cedff20999df2af8eb42d56 -> 
========================================================================
Received Import Request.
  Time since last request: 69.617641 seconds.
  path: Assets/Scripts/GameManager/GameState.cs
  artifactKey: Guid(a98b047c94c1bd244aa98ab8962433fc) Importer(815301076,1909f56bfc062723c751e8b465ee728b)
Start importing Assets/Scripts/GameManager/GameState.cs using Guid(a98b047c94c1bd244aa98ab8962433fc) Importer(815301076,1909f56bfc062723c751e8b465ee728b)  -> (artifact id: 'f56a749cf03d0368d1eea71ab75cc17a') in 0.008658 seconds 
  Import took 0.012480 seconds .

AssetImportWorkerClient::OnTransportError - code=2 error=End of file
